<?xml version="1.0" encoding="UTF-8"?>
<testsuite xmlns:xsi="http://www.w3.org/2001/XMLSchema-instance" xsi:noNamespaceSchemaLocation="https://maven.apache.org/surefire/maven-surefire-plugin/xsd/surefire-test-report.xsd" version="3.0.2" name="com.example.CounterTest" time="0.041" tests="3" errors="0" skipped="0" failures="0">
  <properties>
[...]
</properties>
  <testcase name="testReset" classname="com.example.CounterTest" time="0.003"/>
  <testcase name="testIncrement" classname="com.example.CounterTest" time="0.0"/>
  <testcase name="testDecrement" classname="com.example.CounterTest" time="0.0"/>
</testsuite>